<?xml version="1.0" encoding="UTF-8"?>
<!-- Generated by org.testng.reporters.JUnitReportReporter -->
<testsuite skipped="0" hostname="DESKTOP-C0ULOTD" name="com.w2a.testcases.CreateAccountTest" tests="1" failures="0" timestamp="14 May 2019 06:28:42 GMT" time="0.001" errors="0">
  <testcase name="createAccountTest" time="0.001" classname="com.w2a.testcases.CreateAccountTest"/>
</testsuite> <!-- com.w2a.testcases.CreateAccountTest -->
