<?xml version="1.0" encoding="UTF-8"?>
<!-- Generated by org.testng.reporters.JUnitReportReporter -->
<testsuite skipped="0" hostname="DESKTOP-C0ULOTD" name="com.w2a.testcases.LoginTest" tests="1" failures="0" timestamp="14 May 2019 06:28:42 GMT" time="1.876" errors="0">
  <testcase name="loginTest" time="1.876" classname="com.w2a.testcases.LoginTest"/>
</testsuite> <!-- com.w2a.testcases.LoginTest -->
